
****************************************************************
****************************************************************
**                                                            **
**                                                            **
**        CCC     OO      SSS    M    M     OO      SSS       **
**       C       O  O    S       MM  MM    O  O    S          **
**       C       O  O     SS     M MM M    O  O     SS        **
**       C       O  O       S    M    M    O  O       S       **
**        CCC     OO     SSS     M    M     OO     SSS        **
**                                                            **
**                                                            **
**                   Simulations  V2023-SP01                  **
**                 Simulation Premium Package                 **
**           Distributed By: SOLIDWORKS Corporation           **
**               21255 Burbank Blvd Suite 400                 **
**               Woodland Hills, California 91367             **
**               Telephone Number (774)556-3100               **
**         Copyright 1988-2018 SOLIDWORKS Corporation         **
**                                                            **
****************************************************************
****************************************************************

Problem name: C:\Users\cinta\Downloads\IER_Shell\Large
Date        : 05/28/2024     Time:   17:29:39


 SYSTEM OF UNITS:
 International System of Units, SI, is used for all input/output data.
 Common Quantities:
 Length:meter, Mass:kilogram, Time:second, Temperature:kelvin
 Force:newton, Pressure also stress:pascal, Energy:joule, Power:watt

 NUMBER OF PHYSICAL CORES USED TO RUN SIMULATION:  6

  C O N T R O L  I N F O R M A T I O N                  

   CURRENT RESTRAINT SET . . . . . . . . . . . (BC_SET)  =           1

   NUMBER OF LOAD CASES  . . . . . . . . . . . (NLCASE)  =           1
   SOLUTION MODE . . . . . . . . . . . . . . . (MODEX)   =           0
      EQ. 0, STATIC ANALYSIS                              
      EQ. 1, BUCKLING ANALYSIS                            
      EQ. 2, DYNAMIC ANALYSIS                             
      EQ. 3, DROP TEST                                    

   SOLVER TYPE . . . . . . . . . . . . . . . . .(ISOL)   =           5
      EQ. 0, DIRECT SPARSE SOLVER                         
      EQ. 1, DIRECT SKYLINE SOLVER                        
      EQ. 2, ITERATIVE SOLVER                             
      EQ. 3, EXPLICIT INTEGRATION                         
      EQ. 4, LARGE PROBLEM DIRECT SPARSE SOLVER           
      EQ. 5, INTEL DIRECT SPARSE SOLVER                   
      EQ. 6, INTEL NETWORK SPARSE SOLVER                  
      EQ. 7, SINGULAR VALUE DECOMPOSTION (SVD)            

   THERMAL LOADING FLAG . . . . . . . . . . . .(ITHERM)  =           0
      EQ. 0, NO THERMAL EFFECTS CONSIDERED                
      EQ. 1, ADD TEMPERATURE EFFECT                       
   GRAVITY LOADING FLAG . . . . . . . . . . . .(IGRAV)   =           0
      EQ. 0, NO GRAVITY LOADING CONSIDERED                
      EQ. 1, ADD GRAVITY LOADING EFFECT                   
   CENTRIFUGAL LOADING FLAG . . . . . . . . . .(ICNTRF)  =           0
      EQ. 0, NO CENTRIFUGAL LOADING CONSIDERED            
      EQ. 1, ADD CENTRIFUGAL LOADING EFFECT               
   IN-PLANE STIFFENING FLAG . . . . . . . . . .(INPLN)   =           0
      EQ. 0, NO IN-PLANE EFFECTS CONSIDERED               
      EQ. 1, IN-PLANE EFFECTS CONSIDERED                  
   SOFT SPRING ADDITION FLAG . . . . . . . . . (ISOFT)   =           0
      EQ. 0, NO SOFT SPRING OPTION                        
      EQ. 1, SOFT SPRING ADDED                            

   SAVE DECOMPOSED STIFFNESS MATRIX FLAG . . . (ISAVK)   =           0
      EQ. 0, DO NOT SAVE DECOMPOSED K                     
      EQ. 1, SAVE DECOMPOSED K                            
   FORM STIFFNESS MATRIX FLAG . . . . . . . . .(IFORMK)  =           0
      EQ. 0, FORM STIFFNESS MATRIX                        
      EQ. 1, USE EXISTING DECOMPOSED STIFFNESS MATRIX     

   SPIN SOFTENING FLAG . . . . . . . . . . . . (ISPIN)   =           0
      EQ. 0, NO SPIN SOFTENING EFFECTS CONSIDERED         
      EQ. 1, SPIN SOFTENING EFFECTS CONSIDERED            
   INERTIA RELIEF FLAG  . . . . . . . . . . . .(IFORMK)  =           0
      EQ. 0, NO INERITA RELIEF EFFECTS CONSIDERED         
      EQ. 1, INERITA RELIEF EFFECTS CONSIDERED            
   RIGID CONNECTIONS FLAG  . . . . . . . . . . (IRIGID)  =           0
      EQ. 0, HINGE CONNECTIONS BETWEEN SOLIDS & SHELLS    
      EQ. 1, RIGID CONNECTIONS BETWEEN SOLIDS & SHELLS    


  T O T A L  S Y S T E M  D A T A                        
   NUMBER OF EQUATIONS . . . . . . . . . . . . . .(NEQ)  =       52164
   MEAN HALF BANDWIDTH . . . . . . . . . . . . . .(MM )  =         138
   NUMBER OF ELEMENTS. . . . . . . . . . . . . . .(NUME) =       15067
   NUMBER OF NODAL POINTS. . . . . . . . . . . . .(NUMNP)=       17564

  I N T E R A C T I O N  D A T A                         
   SURFACE-TO-SURFACE BONDING ALGORITHM . . . .(INTRBALG)=           1
      EQ. 0, STANDARD                                     
      EQ. 1, ADVANCED                                     

   ORIGINAL NO. OF MATRIX ELEMENTS . . . . . . . .(NWK)  =     1999754




************************************************************************
    D I S P L A C E M E N T     P R I N T O U T    (LOAD CASE     1)
************************************************************************




************************************************************************
    D I S P L A C E M E N T     P R I N T O U T    (LOAD CASE     1)
************************************************************************


  STATUS OF THERMAL EFFECTS FOR THIS LOAD CASE:
  ---------------------------------------------

    - Thermal flag is off (no thermal effect)



  S O L U T I O N   T I M E   L O G   I N   S E C
            FOR PROBLEM
     TIME FOR INPUT PHASE  . . . . . . . . . . . . . . =       0
     TIME FOR CALCULATION OF STRUCTURE STIFFNESS MATRIX=       0
     TIME FOR INTEL DIRECT SPARSE SOLVER . . . . . . . =       0

     TIME FOR LCP CONTACT (AND/OR LRG DISP) OPERATIONS (Prep) . . =       4
     ***** ITERATION NUMBER ***** . . . . . . . . =       1
     TIME FOR CALCULATION OF STRUCTURE STIFFNESS MATRIX . . . . . =     274
     TIME FOR INTEL DIRECT SPARSE SOLVER . . . . . . . . . . . . .=     652
     TIME FOR LCP CONTACT(AND/OR LRG DISP) OPERATIONS(Convrg chk) =       0

     ***** ITERATION NUMBER ***** . . . . . . . . =       2
     TIME FOR CALCULATION OF STRUCTURE STIFFNESS MATRIX . . . . . =     278
     TIME FOR INTEL DIRECT SPARSE SOLVER . . . . . . . . . . . . .=     650
     TIME FOR LCP CONTACT(AND/OR LRG DISP) OPERATIONS(Convrg chk) =       0

     ***** ITERATION NUMBER ***** . . . . . . . . =       3
     TIME FOR CALCULATION OF STRUCTURE STIFFNESS MATRIX . . . . . =     278
     TIME FOR INTEL DIRECT SPARSE SOLVER . . . . . . . . . . . . .=     643
     TIME FOR LCP CONTACT(AND/OR LRG DISP) OPERATIONS(Convrg chk) =       0

     ***** ITERATION NUMBER ***** . . . . . . . . =       4
     TIME FOR CALCULATION OF STRUCTURE STIFFNESS MATRIX . . . . . =     262
     TIME FOR INTEL DIRECT SPARSE SOLVER . . . . . . . . . . . . .=     651
     TIME FOR LCP CONTACT(AND/OR LRG DISP) OPERATIONS(Convrg chk) =       0

     ***** ITERATION NUMBER ***** . . . . . . . . =       5
     TIME FOR CALCULATION OF STRUCTURE STIFFNESS MATRIX . . . . . =     278
     TIME FOR INTEL DIRECT SPARSE SOLVER . . . . . . . . . . . . .=     666
     TIME FOR LCP CONTACT(AND/OR LRG DISP) OPERATIONS(Convrg chk) =       0

     ***** ITERATION NUMBER ***** . . . . . . . . =       6
     TIME FOR CALCULATION OF STRUCTURE STIFFNESS MATRIX . . . . . =     265
     TIME FOR INTEL DIRECT SPARSE SOLVER . . . . . . . . . . . . .=     631
     TIME FOR LCP CONTACT(AND/OR LRG DISP) OPERATIONS(Convrg chk) =       0

     ***** ITERATION NUMBER ***** . . . . . . . . =       7
     TIME FOR CALCULATION OF STRUCTURE STIFFNESS MATRIX . . . . . =     259
     TIME FOR INTEL DIRECT SPARSE SOLVER . . . . . . . . . . . . .=     629
     TIME FOR LCP CONTACT(AND/OR LRG DISP) OPERATIONS(Convrg chk) =       0


   LOAD FACTOR =   0.1250E+00
   ***************************


 TOTAL STRAIN ENERGY. . . . . . . . . . . =  0.247045E-04

             D I S P L A C E M E N T S

     NODE X-DISPL.     Y-DISPL.     Z-DISPL.     XX-ROT.      YY-ROT.      ZZ-ROT.


 MINIMUM/MAXIMUM DISPLACEMENTS

  NODE         2           33            4            1            1            1
  MIN.  -2.34787E-05 -8.74248E-06 -9.03554E-04   0.0000       0.0000       0.0000    

  NODE      6520           99          126        17564        17564        17564
  MAX.   1.26497E-04  1.29666E-07  2.57444E-04   0.0000       0.0000       0.0000    

 MAXIMUM RESULTANT DISPLACEMENT

  NODE         4
  MAX.   9.03622E-04


         R E A C T I O N   F O R C E

  TOTAL   CSYS         FX             FY             FZ
           0       -.7915E-01     -.1232E-04     0.1622E-01

 TOTAL STRAIN ENERGY. . . . . . . . . . . =  0.258512E-04



********************************************************************************
 MAXIMUM NODAL VON MISES STRESS & ERROR ESTIMATE FOR LOAD CASE   1
********************************************************************************

  NODE      2029
  MAX.     0.51777E+06
     TIME FOR LCP CONTACT (AND/OR LRG DISP) OPERATIONS (Results) .=     344

     TIME FOR LCP CONTACT (AND/OR LRG DISP) OPERATIONS (Prep) . . =       1
     TIME FOR CALCULATION OF STRUCTURE STIFFNESS MATRIX . . . . . =     254
     TIME FOR INTEL DIRECT SPARSE SOLVER . . . . . . . . . . . . .=     643
     TIME FOR LCP CONTACT(AND/OR LRG DISP) OPERATIONS(Convrg chk) =       0

     ***** ITERATION NUMBER ***** . . . . . . . . =       1
     TIME FOR CALCULATION OF STRUCTURE STIFFNESS MATRIX . . . . . =     275
     TIME FOR INTEL DIRECT SPARSE SOLVER . . . . . . . . . . . . .=     640
     TIME FOR LCP CONTACT(AND/OR LRG DISP) OPERATIONS(Convrg chk) =       0

     ***** ITERATION NUMBER ***** . . . . . . . . =       2
     TIME FOR CALCULATION OF STRUCTURE STIFFNESS MATRIX . . . . . =     280
     TIME FOR INTEL DIRECT SPARSE SOLVER . . . . . . . . . . . . .=     648
     TIME FOR LCP CONTACT(AND/OR LRG DISP) OPERATIONS(Convrg chk) =       0

     ***** ITERATION NUMBER ***** . . . . . . . . =       3
     TIME FOR CALCULATION OF STRUCTURE STIFFNESS MATRIX . . . . . =     270
     TIME FOR INTEL DIRECT SPARSE SOLVER . . . . . . . . . . . . .=     646
     TIME FOR LCP CONTACT(AND/OR LRG DISP) OPERATIONS(Convrg chk) =       1

     ***** ITERATION NUMBER ***** . . . . . . . . =       4
     TIME FOR CALCULATION OF STRUCTURE STIFFNESS MATRIX . . . . . =     290
     TIME FOR INTEL DIRECT SPARSE SOLVER . . . . . . . . . . . . .=     655
     TIME FOR LCP CONTACT(AND/OR LRG DISP) OPERATIONS(Convrg chk) =       0

     ***** ITERATION NUMBER ***** . . . . . . . . =       5
     TIME FOR CALCULATION OF STRUCTURE STIFFNESS MATRIX . . . . . =     268
     TIME FOR INTEL DIRECT SPARSE SOLVER . . . . . . . . . . . . .=     656
     TIME FOR LCP CONTACT(AND/OR LRG DISP) OPERATIONS(Convrg chk) =       0

     ***** ITERATION NUMBER ***** . . . . . . . . =       6
     TIME FOR CALCULATION OF STRUCTURE STIFFNESS MATRIX . . . . . =     274
     TIME FOR INTEL DIRECT SPARSE SOLVER . . . . . . . . . . . . .=     647
     TIME FOR LCP CONTACT(AND/OR LRG DISP) OPERATIONS(Convrg chk) =       0


   LOAD FACTOR =   0.6250E+00
   ***************************


 TOTAL STRAIN ENERGY. . . . . . . . . . . =  0.624966E-03

             D I S P L A C E M E N T S

     NODE X-DISPL.     Y-DISPL.     Z-DISPL.     XX-ROT.      YY-ROT.      ZZ-ROT.


 MINIMUM/MAXIMUM DISPLACEMENTS

  NODE         2           34            4            1            1            1
  MIN.  -2.12463E-04 -4.48959E-05 -4.54451E-03   0.0000       0.0000       0.0000    

  NODE        69           99          126        17564        17564        17564
  MAX.   5.94894E-04  6.38531E-07  1.29127E-03   0.0000       0.0000       0.0000    

 MAXIMUM RESULTANT DISPLACEMENT

  NODE         4
  MAX.   4.54683E-03


         R E A C T I O N   F O R C E

  TOTAL   CSYS         FX             FY             FZ
           0       -.3960         -.1441E-03     0.8079E-01

 TOTAL STRAIN ENERGY. . . . . . . . . . . =  0.656514E-03



********************************************************************************
 MAXIMUM NODAL VON MISES STRESS & ERROR ESTIMATE FOR LOAD CASE   1
********************************************************************************

  NODE      2029
  MAX.     0.26120E+07
     TIME FOR LCP CONTACT (AND/OR LRG DISP) OPERATIONS (Results) .=     330

     TIME FOR LCP CONTACT (AND/OR LRG DISP) OPERATIONS (Prep) . . =       1
     TIME FOR CALCULATION OF STRUCTURE STIFFNESS MATRIX . . . . . =     256
     TIME FOR INTEL DIRECT SPARSE SOLVER . . . . . . . . . . . . .=     642
     TIME FOR LCP CONTACT(AND/OR LRG DISP) OPERATIONS(Convrg chk) =       0

     ***** ITERATION NUMBER ***** . . . . . . . . =       1
     TIME FOR CALCULATION OF STRUCTURE STIFFNESS MATRIX . . . . . =     282
     TIME FOR INTEL DIRECT SPARSE SOLVER . . . . . . . . . . . . .=     642
     TIME FOR LCP CONTACT(AND/OR LRG DISP) OPERATIONS(Convrg chk) =       0

     ***** ITERATION NUMBER ***** . . . . . . . . =       2
     TIME FOR CALCULATION OF STRUCTURE STIFFNESS MATRIX . . . . . =     267
     TIME FOR INTEL DIRECT SPARSE SOLVER . . . . . . . . . . . . .=     660
     TIME FOR LCP CONTACT(AND/OR LRG DISP) OPERATIONS(Convrg chk) =       0

     ***** ITERATION NUMBER ***** . . . . . . . . =       3
     TIME FOR CALCULATION OF STRUCTURE STIFFNESS MATRIX . . . . . =     268
     TIME FOR INTEL DIRECT SPARSE SOLVER . . . . . . . . . . . . .=     646
     TIME FOR LCP CONTACT(AND/OR LRG DISP) OPERATIONS(Convrg chk) =       0

     ***** ITERATION NUMBER ***** . . . . . . . . =       4
     TIME FOR CALCULATION OF STRUCTURE STIFFNESS MATRIX . . . . . =     283
     TIME FOR INTEL DIRECT SPARSE SOLVER . . . . . . . . . . . . .=     641
     TIME FOR LCP CONTACT(AND/OR LRG DISP) OPERATIONS(Convrg chk) =       0


   LOAD FACTOR =   0.1000E+01
   ***************************


 TOTAL STRAIN ENERGY. . . . . . . . . . . =  0.161355E-02

             D I S P L A C E M E N T S

     NODE X-DISPL.     Y-DISPL.     Z-DISPL.     XX-ROT.      YY-ROT.      ZZ-ROT.


 MINIMUM/MAXIMUM DISPLACEMENTS

  NODE      3425           34            4            1            1            1
  MIN.  -4.55906E-04 -7.29254E-05 -7.29591E-03   0.0000       0.0000       0.0000    

  NODE        69           99          126        17564        17564        17564
  MAX.   9.08049E-04  1.00741E-06  2.07119E-03   0.0000       0.0000       0.0000    

 MAXIMUM RESULTANT DISPLACEMENT

  NODE         4
  MAX.   7.30451E-03


         R E A C T I O N   F O R C E

  TOTAL   CSYS         FX             FY             FZ
           0       -.6293         0.1184E-02     0.1314    

 TOTAL STRAIN ENERGY. . . . . . . . . . . =  0.169868E-02



********************************************************************************
 MAXIMUM NODAL VON MISES STRESS & ERROR ESTIMATE FOR LOAD CASE   1
********************************************************************************

  NODE      2029
  MAX.     0.42023E+07



   E R R O R    E S T I M A T I O N
   (for requested elements)

   Total Strain Energy (TSE)        =  0.169868E-02
   Total Error Energy (TEE)         =  0.481428E-03
   Ave. Percentage Error (APE)      =  0.352304E+02
     ( APE =  sqrt (TEE/(TSE*2. + TEE)) * 100. )
     TIME FOR LCP CONTACT (AND/OR LRG DISP) OPERATIONS (Results) .=     332


   SOLVER TYPE ACTUALLY USED . . . . . . . . . .(FISOL)  =           5
      EQ. 0, DIRECT SPARSE SOLVER                         
      EQ. 1, DIRECT SKYLINE SOLVER                        
      EQ. 2, ITERATIVE SOLVER                             
      EQ. 3, EXPLICIT INTEGRATION                         
      EQ. 4, LARGE PROBLEM DIRECT SPARSE SOLVER           
      EQ. 5, INTEL DIRECT SPARSE SOLVER                   
      EQ. 6, INTEL NETWORK SPARSE SOLVER                  




********************************************************************************
   MFLOP Rate of Matrix Decomposition . . . . . . . (MF/Sec)=       0.0
********************************************************************************


                             S O L U T I O N    T I M E   L O G    I N    S E C O N D S
  DEFINITIONS
     INP_PHASE=TIME FOR INPUT PHASE
     STF_PHASE=TIME FOR CALCULATION OF STRUCTURE STIFFNESS MATRIX
     REN_PHASE=TIME FOR REORDERING EQUATIONS
     SOL_PHASE=TIME FOR INTEL DIRECT SPARSE SOLUTION
     CNT_PHASE=TIME FOR LCP CONTACT (AND/OR LRG DISP) OPERATIONS
     REC_PHASE=TIME FOR REACTION FORCE & DISP UPDATE TO POST
     STS_PHASE=TIME FOR STRESS CALCULATION
     LCS_PHASE=TIME FOR LOAD CASE SOLUTIONS
     TOT_TIME =TOTAL SOLUTION TIME

          INP_PHASE STF_PHASE REN_PHASE SOL_PHASE CNT_PHASE REC_PHASE STS_PHASE LCS_PHASE  TOT_TIME 
                  0         5         9         3         1         0         0         0        20
                                                      (   0: 0:20)



   MAXIMUM MEMORY USED IN MEGABYTES . . . . . . (MAXMB)  =         266

